<?xml version="1.0" encoding="UTF-8"?>
<testsuite xmlns:xsi="http://www.w3.org/2001/XMLSchema-instance" xsi:noNamespaceSchemaLocation="https://maven.apache.org/surefire/maven-surefire-plugin/xsd/surefire-test-report-3.0.xsd" version="3.0" name="com.endava.calculator.CalculatorTest" time="0.076" tests="6" errors="0" skipped="0" failures="0">
  <properties>
[...]
</properties>
  <testcase name="shouldUsePowWithExponentNegativeNumbers" classname="com.endava.calculator.CalculatorTest" time="0.021">
    <system-out><![CDATA[Before All

Before Each
17:22:49.924 [main] INFO  com.endava.extensions.TestReporterExtensions - 
 starting testCalculatorTest/shouldUsePowWithExponentNegativeNumbers()
17:22:49.929 [main] INFO  com.endava.calculator.CalculatorTest - 0.0625
17:22:49.929 [main] INFO  com.endava.extensions.TestReporterExtensions - 
finishing testCalculatorTest/shouldUsePowWithExponentNegativeNumbers() 
After Each

]]></system-out>
  </testcase>
  <testcase name="shouldAddNumberGivenOperand0(int, int)[1]" classname="com.endava.calculator.CalculatorTest" time="0.014">
    <system-out><![CDATA[
Before Each
17:22:49.949 [main] INFO  com.endava.extensions.TestReporterExtensions - 
 starting testCalculatorTest/[1] 2, 0
2
17:22:49.961 [main] INFO  com.endava.extensions.TestReporterExtensions - 
finishing testCalculatorTest/[1] 2, 0 
After Each

]]></system-out>
  </testcase>
  <testcase name="shouldAddNumberGivenOperand0(int, int)[2]" classname="com.endava.calculator.CalculatorTest" time="0.001">
    <system-out><![CDATA[
Before Each
17:22:49.967 [main] INFO  com.endava.extensions.TestReporterExtensions - 
 starting testCalculatorTest/[2] 0, 2
2
17:22:49.967 [main] INFO  com.endava.extensions.TestReporterExtensions - 
finishing testCalculatorTest/[2] 0, 2 
After Each

]]></system-out>
  </testcase>
  <testcase name="shouldMultiplyWithNegativeNumbers" classname="com.endava.calculator.CalculatorTest" time="0.001">
    <system-out><![CDATA[
Before Each
17:22:49.968 [main] INFO  com.endava.extensions.TestReporterExtensions - 
 starting testCalculatorTest/shouldMultiplyWithNegativeNumbers()
17:22:49.969 [main] INFO  com.endava.calculator.CalculatorTest - 8
17:22:49.969 [main] INFO  com.endava.extensions.TestReporterExtensions - 
finishing testCalculatorTest/shouldMultiplyWithNegativeNumbers() 
After Each

]]></system-out>
  </testcase>
  <testcase name="shouldFactorialWith0" classname="com.endava.calculator.CalculatorTest" time="0.002">
    <system-out><![CDATA[
Before Each
17:22:49.969 [main] INFO  com.endava.extensions.TestReporterExtensions - 
 starting testCalculatorTest/shouldFactorialWith0()
17:22:49.971 [main] INFO  com.endava.calculator.CalculatorTest - 1.0
17:22:49.971 [main] INFO  com.endava.extensions.TestReporterExtensions - 
finishing testCalculatorTest/shouldFactorialWith0() 
After Each

]]></system-out>
  </testcase>
  <testcase name="shouldAddNegativeNumbers" classname="com.endava.calculator.CalculatorTest" time="0.001">
    <system-out><![CDATA[
Before Each
17:22:49.972 [main] INFO  com.endava.extensions.TestReporterExtensions - 
 starting testCalculatorTest/shouldAddNegativeNumbers()
-6
17:22:49.972 [main] INFO  com.endava.extensions.TestReporterExtensions - 
finishing testCalculatorTest/shouldAddNegativeNumbers() 
After Each

]]></system-out>
  </testcase>
</testsuite>