<?xml version="1.0" encoding="UTF-8"?>
<testsuite xmlns:xsi="http://www.w3.org/2001/XMLSchema-instance" xsi:noNamespaceSchemaLocation="https://maven.apache.org/surefire/maven-failsafe-plugin/xsd/failsafe-test-report-3.0.xsd" version="3.0" name="com.endava.calculator.CalculatorIT" time="0.183" tests="23" errors="1" skipped="0" failures="0">
  <properties>
[...]
</properties>
  <testcase name="shouldUsePowWith0Base" classname="com.endava.calculator.CalculatorIT" time="0.026">
    <system-out><![CDATA[Before All

Before Each
17:22:54.279 [main] INFO  com.endava.extensions.TestReporterExtensions - 
 starting testCalculatorIT/shouldUsePowWith0Base()
17:22:54.283 [main] INFO  com.endava.calculator.CalculatorIT - 0.0
17:22:54.284 [main] INFO  com.endava.extensions.TestReporterExtensions - 
finishing testCalculatorIT/shouldUsePowWith0Base() 
After Each

]]></system-out>
  </testcase>
  <testcase name="shouldMultiplyNoOperands" classname="com.endava.calculator.CalculatorIT" time="0.002">
    <system-out><![CDATA[
Before Each
17:22:54.293 [main] INFO  com.endava.extensions.TestReporterExtensions - 
 starting testCalculatorIT/shouldMultiplyNoOperands()
17:22:54.293 [main] INFO  com.endava.calculator.CalculatorIT - 1
17:22:54.293 [main] INFO  com.endava.extensions.TestReporterExtensions - 
finishing testCalculatorIT/shouldMultiplyNoOperands() 
After Each

]]></system-out>
  </testcase>
  <testcase name="shouldUsePowWithExponentNegativeNumbers" classname="com.endava.calculator.CalculatorIT" time="0.002">
    <system-out><![CDATA[
Before Each
17:22:54.295 [main] INFO  com.endava.extensions.TestReporterExtensions - 
 starting testCalculatorIT/shouldUsePowWithExponentNegativeNumbers()
17:22:54.295 [main] INFO  com.endava.calculator.CalculatorIT - 0.0625
17:22:54.295 [main] INFO  com.endava.extensions.TestReporterExtensions - 
finishing testCalculatorIT/shouldUsePowWithExponentNegativeNumbers() 
After Each

]]></system-out>
  </testcase>
  <testcase name="shouldAddBigNumbers" classname="com.endava.calculator.CalculatorIT" time="0.001">
    <system-out><![CDATA[
Before Each
17:22:54.296 [main] INFO  com.endava.extensions.TestReporterExtensions - 
 starting testCalculatorIT/shouldAddBigNumbers()
2147483648
17:22:54.297 [main] INFO  com.endava.extensions.TestReporterExtensions - 
finishing testCalculatorIT/shouldAddBigNumbers() 
After Each

]]></system-out>
  </testcase>
  <testcase name="shouldAddNumberGivenOperand0(int, int)[1]" classname="com.endava.calculator.CalculatorIT" time="0.017">
    <system-out><![CDATA[
Before Each
17:22:54.314 [main] INFO  com.endava.extensions.TestReporterExtensions - 
 starting testCalculatorIT/[1] 2, 0
2
17:22:54.329 [main] INFO  com.endava.extensions.TestReporterExtensions - 
finishing testCalculatorIT/[1] 2, 0 
After Each

]]></system-out>
  </testcase>
  <testcase name="shouldAddNumberGivenOperand0(int, int)[2]" classname="com.endava.calculator.CalculatorIT" time="0.001">
    <system-out><![CDATA[
Before Each
17:22:54.333 [main] INFO  com.endava.extensions.TestReporterExtensions - 
 starting testCalculatorIT/[2] 0, 2
2
17:22:54.334 [main] INFO  com.endava.extensions.TestReporterExtensions - 
finishing testCalculatorIT/[2] 0, 2 
After Each

]]></system-out>
  </testcase>
  <testcase name="shouldMultiplyMoreThan2Operands(int, int, int)[1]" classname="com.endava.calculator.CalculatorIT" time="0.002">
    <system-out><![CDATA[
Before Each
17:22:54.405 [main] INFO  com.endava.extensions.TestReporterExtensions - 
 starting testCalculatorIT/[1] 1, 2, 3
17:22:54.405 [main] INFO  com.endava.calculator.CalculatorIT - 6
17:22:54.406 [main] INFO  com.endava.extensions.TestReporterExtensions - 
finishing testCalculatorIT/[1] 1, 2, 3 
After Each

]]></system-out>
  </testcase>
  <testcase name="shouldMultiplyMoreThan2Operands(int, int, int)[2]" classname="com.endava.calculator.CalculatorIT" time="0.001">
    <system-out><![CDATA[
Before Each
17:22:54.407 [main] INFO  com.endava.extensions.TestReporterExtensions - 
 starting testCalculatorIT/[2] 2, 4, 5
17:22:54.408 [main] INFO  com.endava.calculator.CalculatorIT - 40
17:22:54.408 [main] INFO  com.endava.extensions.TestReporterExtensions - 
finishing testCalculatorIT/[2] 2, 4, 5 
After Each

]]></system-out>
  </testcase>
  <testcase name="shouldMultiplyMoreThan2Operands(int, int, int)[3]" classname="com.endava.calculator.CalculatorIT" time="0.001">
    <system-out><![CDATA[
Before Each
17:22:54.408 [main] INFO  com.endava.extensions.TestReporterExtensions - 
 starting testCalculatorIT/[3] 6, 7, 8
17:22:54.408 [main] INFO  com.endava.calculator.CalculatorIT - 336
17:22:54.408 [main] INFO  com.endava.extensions.TestReporterExtensions - 
finishing testCalculatorIT/[3] 6, 7, 8 
After Each

]]></system-out>
  </testcase>
  <testcase name="shouldAddNoOperands" classname="com.endava.calculator.CalculatorIT" time="0.001">
    <system-out><![CDATA[
Before Each
17:22:54.409 [main] INFO  com.endava.extensions.TestReporterExtensions - 
 starting testCalculatorIT/shouldAddNoOperands()
0
17:22:54.410 [main] INFO  com.endava.extensions.TestReporterExtensions - 
finishing testCalculatorIT/shouldAddNoOperands() 
After Each

]]></system-out>
  </testcase>
  <testcase name="shouldMultiplyWithNegativeNumbers" classname="com.endava.calculator.CalculatorIT" time="0.001">
    <system-out><![CDATA[
Before Each
17:22:54.410 [main] INFO  com.endava.extensions.TestReporterExtensions - 
 starting testCalculatorIT/shouldMultiplyWithNegativeNumbers()
17:22:54.411 [main] INFO  com.endava.calculator.CalculatorIT - 8
17:22:54.411 [main] INFO  com.endava.extensions.TestReporterExtensions - 
finishing testCalculatorIT/shouldMultiplyWithNegativeNumbers() 
After Each

]]></system-out>
  </testcase>
  <testcase name="shouldFactorialWith0" classname="com.endava.calculator.CalculatorIT" time="0.001">
    <system-out><![CDATA[
Before Each
17:22:54.411 [main] INFO  com.endava.extensions.TestReporterExtensions - 
 starting testCalculatorIT/shouldFactorialWith0()
17:22:54.411 [main] INFO  com.endava.calculator.CalculatorIT - 1.0
17:22:54.412 [main] INFO  com.endava.extensions.TestReporterExtensions - 
finishing testCalculatorIT/shouldFactorialWith0() 
After Each

]]></system-out>
  </testcase>
  <testcase name="shouldFactorialWithPositive" classname="com.endava.calculator.CalculatorIT" time="0.001">
    <system-out><![CDATA[
Before Each
17:22:54.412 [main] INFO  com.endava.extensions.TestReporterExtensions - 
 starting testCalculatorIT/shouldFactorialWithPositive()
17:22:54.412 [main] INFO  com.endava.calculator.CalculatorIT - 2.0
17:22:54.413 [main] INFO  com.endava.extensions.TestReporterExtensions - 
finishing testCalculatorIT/shouldFactorialWithPositive() 
After Each

]]></system-out>
  </testcase>
  <testcase name="shouldFactorialWithNegative" classname="com.endava.calculator.CalculatorIT" time="0.001">
    <error type="java.lang.IllegalArgumentException"><![CDATA[java.lang.IllegalArgumentException: You can not calculate factorial from negative number
	at mavenCalc@1.0-SNAPSHOT/com.endava.calculator.CalculatorIT.shouldFactorialWithNegative(CalculatorIT.java:231)
]]></error>
    <system-out><![CDATA[
Before Each
17:22:54.413 [main] INFO  com.endava.extensions.TestReporterExtensions - 
 starting testCalculatorIT/shouldFactorialWithNegative()
17:22:54.414 [main] INFO  com.endava.extensions.TestReporterExtensions - 
finishing testCalculatorIT/shouldFactorialWithNegative() 
After Each

]]></system-out>
  </testcase>
  <testcase name="shouldAddMoreThan2Operands(int, int, int)[1]" classname="com.endava.calculator.CalculatorIT" time="0.001">
    <system-out><![CDATA[
Before Each
17:22:54.420 [main] INFO  com.endava.extensions.TestReporterExtensions - 
 starting testCalculatorIT/[1] 1, 2, 3
6
17:22:54.420 [main] INFO  com.endava.extensions.TestReporterExtensions - 
finishing testCalculatorIT/[1] 1, 2, 3 
After Each

]]></system-out>
  </testcase>
  <testcase name="shouldAddMoreThan2Operands(int, int, int)[2]" classname="com.endava.calculator.CalculatorIT" time="0.001">
    <system-out><![CDATA[
Before Each
17:22:54.422 [main] INFO  com.endava.extensions.TestReporterExtensions - 
 starting testCalculatorIT/[2] 2, 4, 5
11
17:22:54.422 [main] INFO  com.endava.extensions.TestReporterExtensions - 
finishing testCalculatorIT/[2] 2, 4, 5 
After Each

]]></system-out>
  </testcase>
  <testcase name="shouldAddMoreThan2Operands(int, int, int)[3]" classname="com.endava.calculator.CalculatorIT" time="0">
    <system-out><![CDATA[
Before Each
17:22:54.423 [main] INFO  com.endava.extensions.TestReporterExtensions - 
 starting testCalculatorIT/[3] 6, 7, 8
21
17:22:54.423 [main] INFO  com.endava.extensions.TestReporterExtensions - 
finishing testCalculatorIT/[3] 6, 7, 8 
After Each

]]></system-out>
  </testcase>
  <testcase name="shouldMultiply1Operands" classname="com.endava.calculator.CalculatorIT" time="0">
    <system-out><![CDATA[
Before Each
17:22:54.424 [main] INFO  com.endava.extensions.TestReporterExtensions - 
 starting testCalculatorIT/shouldMultiply1Operands()
17:22:54.424 [main] INFO  com.endava.calculator.CalculatorIT - 2
17:22:54.424 [main] INFO  com.endava.extensions.TestReporterExtensions - 
finishing testCalculatorIT/shouldMultiply1Operands() 
After Each

]]></system-out>
  </testcase>
  <testcase name="shouldAdd1Operands" classname="com.endava.calculator.CalculatorIT" time="0">
    <system-out><![CDATA[
Before Each
17:22:54.425 [main] INFO  com.endava.extensions.TestReporterExtensions - 
 starting testCalculatorIT/shouldAdd1Operands()
167
17:22:54.425 [main] INFO  com.endava.extensions.TestReporterExtensions - 
finishing testCalculatorIT/shouldAdd1Operands() 
After Each

]]></system-out>
  </testcase>
  <testcase name="shouldAddNegativeNumbers" classname="com.endava.calculator.CalculatorIT" time="0.001">
    <system-out><![CDATA[
Before Each
17:22:54.427 [main] INFO  com.endava.extensions.TestReporterExtensions - 
 starting testCalculatorIT/shouldAddNegativeNumbers()
-6
17:22:54.427 [main] INFO  com.endava.extensions.TestReporterExtensions - 
finishing testCalculatorIT/shouldAddNegativeNumbers() 
After Each

]]></system-out>
  </testcase>
  <testcase name="shouldUsePowWith0Exponent" classname="com.endava.calculator.CalculatorIT" time="0.001">
    <system-out><![CDATA[
Before Each
17:22:54.427 [main] INFO  com.endava.extensions.TestReporterExtensions - 
 starting testCalculatorIT/shouldUsePowWith0Exponent()
17:22:54.428 [main] INFO  com.endava.calculator.CalculatorIT - 1.0
17:22:54.428 [main] INFO  com.endava.extensions.TestReporterExtensions - 
finishing testCalculatorIT/shouldUsePowWith0Exponent() 
After Each

]]></system-out>
  </testcase>
  <testcase name="shouldMultiplyWithGiven0Number" classname="com.endava.calculator.CalculatorIT" time="0">
    <system-out><![CDATA[
Before Each
17:22:54.429 [main] INFO  com.endava.extensions.TestReporterExtensions - 
 starting testCalculatorIT/shouldMultiplyWithGiven0Number()
17:22:54.429 [main] INFO  com.endava.calculator.CalculatorIT - 0
17:22:54.429 [main] INFO  com.endava.extensions.TestReporterExtensions - 
finishing testCalculatorIT/shouldMultiplyWithGiven0Number() 
After Each

]]></system-out>
  </testcase>
  <testcase name="shouldMultiplyBigNumbers" classname="com.endava.calculator.CalculatorIT" time="0">
    <system-out><![CDATA[
Before Each
17:22:54.430 [main] INFO  com.endava.extensions.TestReporterExtensions - 
 starting testCalculatorIT/shouldMultiplyBigNumbers()
17:22:54.430 [main] INFO  com.endava.calculator.CalculatorIT - 2147483647
17:22:54.430 [main] INFO  com.endava.extensions.TestReporterExtensions - 
finishing testCalculatorIT/shouldMultiplyBigNumbers() 
After Each

]]></system-out>
  </testcase>
</testsuite>